  3.  1386144.19
  4.  400634.661
  5.  145640.27
  6.  62241.577
  7.  29890.1586
  8.  15750.4385
  9.  8917.17018
  10.  5343.47663
  11.  3334.17721
  12.  2163.6097
  13.  1449.99911
  14.  998.712079
  15.  704.210531
  16.  507.233071
  17.  372.248738
  18.  277.819245
  19.  210.373159
  20.  161.37668
  21.  125.250967
  22.  98.2576572
  23.  77.8562957
  24.  62.2710296
  25.  50.2330969
  26.  40.8433268
  27.  33.4597472
  28.  27.5984872
  29.  22.9062856
  30.  19.1211484
  31.  16.0506717
  32.  13.5426963
  33.  11.4823401
  34.  9.78029957
  35.  8.36737734
  36.  7.18894857
  37.  6.2006713
  38.  5.32660513
  39.  4.6284736
  40.  4.03502511
  41.  3.52862135
  42.  3.09527812
  43.  2.72297471
  44.  2.40202791
  45.  2.12439461
  46.  1.88357378
  47.  1.67402207
  48.  1.49107742
  49.  1.33111243
  50.  1.1908944
  51.  1.0676545
  52.  0.959096463
  53.  0.86325178
  54.  0.77841836
  55.  0.703166668
  56.  0.636303774
  57.  0.576762821
  58.  0.523629132
  59.  0.476129478
  60.  0.433604977
  61.  0.395455463
  62.  0.361174881
  63.  0.330325856
  64.  0.302505461
  65.  0.277380755
  66.  0.254657245
  67.  0.234076887
  68.  0.215411541
  69.  0.198454395
  70.  0.183036611
  71.  0.169001945
  72.  0.156209304
  73.  0.144528886
  74.  0.133853191
  75.  0.124084772
  76.  0.115132281
  77.  0.106927224
  78.  0.0993971189
  79.  0.0924763989
  80.  0.0861107116
  81.  0.0802526366
  82.  0.0748553018
  83.  0.0698767805
  84.  0.0652804386
  85.  0.0610327067
  86.  0.0571035638
  87.  0.0534654198
  88.  0.0500940774
  89.  0.0469683614
  90.  0.0440670402
  91.  0.0413718164
  92.  0.0388664802
  93.  0.0365361677
  94.  0.0343671781
  95.  0.0323466739
  96.  0.0304629702
  97.  0.0287054898
  98.  0.0270646511
  99.  0.025531972
  100.  0.0240994478
  101.  0.0227595294
  102.  0.0215058692
  103.  0.0203325386
  104.  0.0192331217
