  3.  6161.98661
  4.  2180.17223
  5.  939.896441
  6.  470.652354
  7.  261.406924
  8.  156.253119
  9.  98.924617
  10.  65.6455599
  11.  45.2164003
  12.  32.0986315
  13.  23.3765507
  14.  17.4010811
  15.  13.1924296
  16.  10.1799749
  17.  7.97224918
  18.  6.32660449
  19.  5.07545004
  20.  4.11874082
  21.  3.37338899
  22.  2.78576283
  23.  2.3189283
  24.  1.94431056
  25.  1.64100921
  26.  1.39365803
  27.  1.19045124
  28.  1.02242863
 29.  0.881629389
  30.  0.764381054
  31.  0.665652333
  32.  0.582044697
  33.  0.510893423
  34.  0.450058254
  35.  0.397786776
  36.  0.352703954
  37.  0.313711036
  38.  0.279841837
  39.  0.250305913
  40.  0.22446893
  41.  0.201806881
  42.  0.181866906
  43.  0.164266804
  44.  0.148693731
  45.  0.134874022
  46.  0.122579745
  47.  0.111309149
  48.  0.101542876
  49.  0.0927948671
  50.  0.0849444622
  51.  0.0778827454
  52.  0.0715179497
  53.  0.0657719456
  54.  0.0605741552
  55.  0.0558651615
  56.  0.0515918411
  57.  0.0477074194
  58.  0.0441710656
  59.  0.0409457259
  60.  0.0380015555
  61.  0.0353095545
  62.  0.0328449913
  63.  0.0305843453
  64.  0.0285085635
  65.  0.0266005548
  66.  0.0248445506
  67.  0.023226748
  68.  0.0217345631
  69.  0.0203570296
  70.  0.0190836346
  71.  0.0179054609
  72.  0.0168087985
  73.  0.0157965727
  74.  0.0148568156
  75.  0.0139835734
  76.  0.0131713905
  77.  0.0124150571
  78.  0.0117101354
  79.  0.0110531249
  80.  0.010439665
  81.  0.00986689041
  82.  0.00933143923
  83.  0.00883064921
  84.  0.00836193464
  85.  0.00792288758
  86.  0.00751126209
  87.  0.00712502143
  88.  0.00676118676
  89.  0.00641876679
  90.  0.00609848323
  91.  0.005797229
  92.  0.00551365189
  93.  0.00524655117
  94.  0.00499487097
  95.  0.00475753908
  96.  0.00453358642
  97.  0.00432221095
  98.  0.0041225344
  99.  0.00393380311
  100.  0.0037553163
  101.  0.00358637135
  102.  0.00342655757
  103.  0.0032741894
  104.  0.00313077913
