  3.  977255.777
  4.  267697.516
  5.  93977.2908
  6.  38969.0317
  7.  18370.8101
  8.  9467.21967
  9.  5243.49994
  10.  3088.49592
  11.  1898.76454
  12.  1214.42847
  13.  803.363665
  14.  546.943012
  15.  381.380806
  16.  271.638987
  17.  197.134241
  18.  145.559484
  19.  109.134363
  20.  82.9759605
  21.  63.8842616
  22.  49.736223
  23.  39.1233595
  24.  31.070484
  25.  24.8924705
  26.  20.1068938
  27.  16.3669515
  28.  13.4142862
 29.  11.0663518
  30.  9.12400386
  31.  7.6170144
  32.  6.39272451
  33.  5.39197411
  34.  4.56880453
  35.  3.88832123
  36.  3.3234411
  37.  2.85208342
  38.  2.45691483
  39.  2.12420997
  40.  1.84284846
  41.  1.60400299
  42.  1.40052375
  43.  1.22653357
  44.  1.07723885
  45.  0.948719984
  46.  0.837650901
  47.  0.741426742
 48.  0.657849676
  49.  0.585057255
  50.  0.521500915
  51.  0.465851772
  52.  0.416993559
  53.  0.374011094
  54.  0.336099064
  55.  0.302588444
  56.  0.272891328
  57.  0.246530444
  58.  0.223078401
  59.  0.202181237
  60.  0.183525331
  61.  0.166839648
  62.  0.151892299
  63.  0.138483229
  64.  0.12643041
  65.  0.115578227
  66.  0.105793075
67.  0.0969536551
  68.  0.0889567365
  69.  0.0817165514
  70.  0.075150952
  71.  0.0691868985
  72.  0.0637660273
  73.  0.0588324928
  74.  0.054335795
  75.  0.0502319501
  76.  0.0464839522
  77.  0.043057409
  78.  0.0399202877
  79.  0.0370457684
  80.  0.0344082946
  81.  0.031985939
  82.  0.0297590616
  83.  0.027710251
  84.  0.0258235998
  85.  0.0240844096
 86.  0.0224799049
  87.  0.0209977107
  88.  0.019627336
  89.  0.0183595802
  90.  0.0171857687
  91.  0.0160980257
  92.  0.0150892384
  93.  0.0141525982
  94.  0.0132823146
  95.  0.0124732101
  96.  0.0117203403
  97.  0.0110195812
  98.  0.010366694
  99.  0.00975806186
  100.  0.00919037064
  101.  0.00866043004
  102.  0.00816544936
  103.  0.00770281071
  104.  0.0072701999
