  3.  4538.66389
  4.  1534.23311
  5.  656.976118
  6.  323.555166
  7.  177.260876
  8.  104.908251
  9.  65.7892306
  10.  43.2473938
  11.  29.5224647
  12.  20.7971556
  13.  15.0304085
  14.  11.1124083
  15.  8.39217814
  16.  6.43321753
  17.  5.00968925
  18.  3.95232448
  19.  3.15558975
  20.  2.54710336
  21.  2.07570228
  22.  1.70523597
  23.  1.4133237
  24.  1.18008863
  25.  0.992117825
  26.  0.839250175
  27.  0.714202562
  28.  0.61112514
 29.  0.525556368
  30.  0.454104474
  31.  0.394107707
  32.  0.343459461
  33.  0.300483988
  34.  0.263026866
  35.  0.231769879
  36.  0.204910504
  37.  0.181726952
  38.  0.16163418
  39.  0.144165169
  40.  0.128925335
  41.  0.115585776
  42.  0.103877568
  43.  0.0935734631
  44.  0.0844808822
  45.  0.0764352878
  46.  0.0692913143
  47.  0.062940455
 48.  0.0572787343
  49.  0.0522188381
  50.  0.0476886982
  51.  0.0436246548
  52.  0.0399595953
  53.  0.0366691592
  54.  0.0336998552
  55.  0.0310155278
  56.  0.0285839787
  57.  0.0263760258
  58.  0.0243701215
  59.  0.0225447051
  60.  0.0208814581
  61.  0.0193600861
  62.  0.0179686907
  63.  0.0166998206
  64.  0.0155369678
  65.  0.0144697647
  66.  0.0134890852
  67.  0.0125869708
  68.  0.0117559954
  69.  0.0109893034
  70.  0.0102821789
  71.  0.00962590865
  72.  0.00901859569
  73.  0.0084597163
  74.  0.0079417344
  75.  0.00746120432
  76.  0.00701519817
  77.  0.00660058724
  78.  0.00621489826
  79.  0.00585572183
  80.  0.00552108049
  81.  0.00520908488
  82.  0.00491790687
  83.  0.00464598422
  84.  0.00439173972
  85.  0.00415393168
 86.  0.00393128104
  87.  0.00372272597
  88.  0.00352723166
  89.  0.0033438706
  90.  0.0031716347
  91.  0.00300995965
  92.  0.0028579947
  93.  0.00271508705
  94.  0.00258060172
  95.  0.00245393779
  96.  0.0023345967
  97.  0.00222210885
  98.  0.0021159694
  99.  0.00201583713
  100.  0.00192128096
  101.  0.00183192647
  102.  0.00174745295
  103.  0.00166753636
  104.  0.00159193986